

Started GET "/articles/3" for ::1 at 2015-01-26 12:27:08 -0600
  [1m[36mActiveRecord::SchemaMigration Load (0.6ms)[0m  [1mSELECT "schema_migrations".* FROM "schema_migrations"[0m
Processing by ArticlesController#show as HTML
  Parameters: {"id"=>"3"}
  [1m[35mArticle Load (0.7ms)[0m  SELECT  "articles".* FROM "articles" WHERE "articles"."id" = ? LIMIT 1  [["id", 3]]
  [1m[36mUser Load (0.5ms)[0m  [1mSELECT  "users".* FROM "users" WHERE "users"."id" = ?  ORDER BY "users"."id" ASC LIMIT 1[0m  [["id", 1]]
  [1m[35mRole Load (0.3ms)[0m  SELECT  "roles".* FROM "roles" WHERE "roles"."id" = ? LIMIT 1  [["id", 2]]
  [1m[36mComment Load (0.7ms)[0m  [1mSELECT "comments".* FROM "comments" WHERE "comments"."article_id" = ?[0m  [["article_id", 3]]
  [1m[35mUser Load (0.2ms)[0m  SELECT  "users".* FROM "users" WHERE "users"."id" = ? LIMIT 1  [["id", 1]]
  Rendered comments/_comment.html.haml (6.7ms)
  [1m[36mCACHE (0.0ms)[0m  [1mSELECT  "users".* FROM "users" WHERE "users"."id" = ? LIMIT 1[0m  [["id", 1]]
  Rendered comments/_comment.html.haml (1.0ms)
  [1m[35mCACHE (0.0ms)[0m  SELECT  "users".* FROM "users" WHERE "users"."id" = ? LIMIT 1  [["id", 1]]
  Rendered comments/_comment.html.haml (0.9ms)
  [1m[36mCACHE (0.0ms)[0m  [1mSELECT  "users".* FROM "users" WHERE "users"."id" = ? LIMIT 1[0m  [["id", 1]]
  Rendered comments/_comment.html.haml (0.8ms)
  [1m[35mCACHE (0.0ms)[0m  SELECT  "users".* FROM "users" WHERE "users"."id" = ? LIMIT 1  [["id", 1]]
  Rendered comments/_comment.html.haml (0.8ms)
  [1m[36mCACHE (0.0ms)[0m  [1mSELECT  "users".* FROM "users" WHERE "users"."id" = ? LIMIT 1[0m  [["id", 1]]
  Rendered comments/_comment.html.haml (1.1ms)
  [1m[35mCACHE (0.0ms)[0m  SELECT  "users".* FROM "users" WHERE "users"."id" = ? LIMIT 1  [["id", 1]]
  Rendered comments/_comment.html.haml (1.0ms)
  [1m[36mCACHE (0.0ms)[0m  [1mSELECT  "users".* FROM "users" WHERE "users"."id" = ? LIMIT 1[0m  [["id", 1]]
  Rendered comments/_comment.html.haml (1.0ms)
  [1m[35mCACHE (0.0ms)[0m  SELECT  "users".* FROM "users" WHERE "users"."id" = ? LIMIT 1  [["id", 1]]
  Rendered comments/_comment.html.haml (0.8ms)
  [1m[36mCACHE (0.0ms)[0m  [1mSELECT  "users".* FROM "users" WHERE "users"."id" = ? LIMIT 1[0m  [["id", 1]]
  Rendered comments/_comment.html.haml (1.0ms)
  [1m[35mCACHE (0.0ms)[0m  SELECT  "users".* FROM "users" WHERE "users"."id" = ? LIMIT 1  [["id", 1]]
  Rendered comments/_comment.html.haml (0.9ms)
  [1m[36mCACHE (0.0ms)[0m  [1mSELECT  "users".* FROM "users" WHERE "users"."id" = ? LIMIT 1[0m  [["id", 1]]
  Rendered comments/_comment.html.haml (0.8ms)
  [1m[35mCACHE (0.0ms)[0m  SELECT  "users".* FROM "users" WHERE "users"."id" = ? LIMIT 1  [["id", 1]]
  Rendered comments/_comment.html.haml (1.2ms)
  [1m[36mCACHE (0.0ms)[0m  [1mSELECT  "users".* FROM "users" WHERE "users"."id" = ? LIMIT 1[0m  [["id", 1]]
  Rendered comments/_comment.html.haml (1.4ms)
  [1m[35mCACHE (0.0ms)[0m  SELECT  "users".* FROM "users" WHERE "users"."id" = ? LIMIT 1  [["id", 1]]
  Rendered comments/_comment.html.haml (1.0ms)
  Rendered comments/_form.html.haml (21.6ms)
  Rendered articles/show.html.haml within layouts/application (124.1ms)
Completed 200 OK in 5152ms (Views: 5057.2ms | ActiveRecord: 3.7ms)


Started POST "/articles/3/comments" for ::1 at 2015-01-26 12:27:18 -0600

ActionController::RoutingError (undefined method `after_create' for CommentsController:Class):
  app/controllers/comments_controller.rb:4:in `<class:CommentsController>'
  app/controllers/comments_controller.rb:1:in `<top (required)>'


  Rendered /Users/austin/.rvm/gems/ruby-2.2.0/gems/web-console-2.0.0/lib/action_dispatch/templates/rescues/_trace.html.erb (3.7ms)
  Rendered /Users/austin/.rvm/gems/ruby-2.2.0/gems/web-console-2.0.0/lib/action_dispatch/templates/routes/_route.html.erb (3.6ms)
  Rendered /Users/austin/.rvm/gems/ruby-2.2.0/gems/web-console-2.0.0/lib/action_dispatch/templates/routes/_table.html.erb (7.4ms)
  Rendered /Users/austin/.rvm/gems/ruby-2.2.0/gems/web-console-2.0.0/lib/action_dispatch/templates/rescues/_request_and_response.html.erb (1.6ms)
  Rendered /Users/austin/.rvm/gems/ruby-2.2.0/gems/web-console-2.0.0/lib/action_dispatch/templates/rescues/_web_console.html.erb (2.3ms)
  Rendered /Users/austin/.rvm/gems/ruby-2.2.0/gems/web-console-2.0.0/lib/action_dispatch/templates/rescues/routing_error.html.erb within rescues/layout (152.2ms)


Started GET "/articles/3/comments" for ::1 at 2015-01-26 12:29:57 -0600

AbstractController::ActionNotFound (The action 'index' could not be found for CommentsController):
  actionpack (4.2.0) lib/abstract_controller/base.rb:132:in `process'
  actionview (4.2.0) lib/action_view/rendering.rb:30:in `process'
  actionpack (4.2.0) lib/action_controller/metal.rb:195:in `dispatch'
  actionpack (4.2.0) lib/action_controller/metal/rack_delegation.rb:13:in `dispatch'
  actionpack (4.2.0) lib/action_controller/metal.rb:236:in `block in action'
  actionpack (4.2.0) lib/action_dispatch/routing/route_set.rb:73:in `call'
  actionpack (4.2.0) lib/action_dispatch/routing/route_set.rb:73:in `dispatch'
  actionpack (4.2.0) lib/action_dispatch/routing/route_set.rb:42:in `serve'
  actionpack (4.2.0) lib/action_dispatch/journey/router.rb:43:in `block in serve'
  actionpack (4.2.0) lib/action_dispatch/journey/router.rb:30:in `each'
  actionpack (4.2.0) lib/action_dispatch/journey/router.rb:30:in `serve'
  actionpack (4.2.0) lib/action_dispatch/routing/route_set.rb:802:in `call'
  omniauth (1.2.2) lib/omniauth/strategy.rb:186:in `call!'
  omniauth (1.2.2) lib/omniauth/strategy.rb:164:in `call'
  warden (1.2.3) lib/warden/manager.rb:35:in `block in call'
  warden (1.2.3) lib/warden/manager.rb:34:in `catch'
  warden (1.2.3) lib/warden/manager.rb:34:in `call'
  rack (1.6.0) lib/rack/etag.rb:24:in `call'
  rack (1.6.0) lib/rack/conditionalget.rb:25:in `call'
  rack (1.6.0) lib/rack/head.rb:13:in `call'
  actionpack (4.2.0) lib/action_dispatch/middleware/params_parser.rb:27:in `call'
  actionpack (4.2.0) lib/action_dispatch/middleware/flash.rb:260:in `call'
  rack (1.6.0) lib/rack/session/abstract/id.rb:225:in `context'
  rack (1.6.0) lib/rack/session/abstract/id.rb:220:in `call'
  actionpack (4.2.0) lib/action_dispatch/middleware/cookies.rb:560:in `call'
  activerecord (4.2.0) lib/active_record/query_cache.rb:36:in `call'
  activerecord (4.2.0) lib/active_record/connection_adapters/abstract/connection_pool.rb:647:in `call'
  activerecord (4.2.0) lib/active_record/migration.rb:378:in `call'
  actionpack (4.2.0) lib/action_dispatch/middleware/callbacks.rb:29:in `block in call'
  activesupport (4.2.0) lib/active_support/callbacks.rb:88:in `call'
  activesupport (4.2.0) lib/active_support/callbacks.rb:88:in `_run_callbacks'
  activesupport (4.2.0) lib/active_support/callbacks.rb:734:in `_run_call_callbacks'
  activesupport (4.2.0) lib/active_support/callbacks.rb:81:in `run_callbacks'
  actionpack (4.2.0) lib/action_dispatch/middleware/callbacks.rb:27:in `call'
  actionpack (4.2.0) lib/action_dispatch/middleware/reloader.rb:73:in `call'
  actionpack (4.2.0) lib/action_dispatch/middleware/remote_ip.rb:78:in `call'
  web-console (2.0.0) lib/action_dispatch/debug_exceptions.rb:18:in `middleware_call'
  web-console (2.0.0) lib/action_dispatch/debug_exceptions.rb:13:in `call'
  actionpack (4.2.0) lib/action_dispatch/middleware/show_exceptions.rb:30:in `call'
  railties (4.2.0) lib/rails/rack/logger.rb:38:in `call_app'
  railties (4.2.0) lib/rails/rack/logger.rb:20:in `block in call'
  activesupport (4.2.0) lib/active_support/tagged_logging.rb:68:in `block in tagged'
  activesupport (4.2.0) lib/active_support/tagged_logging.rb:26:in `tagged'
  activesupport (4.2.0) lib/active_support/tagged_logging.rb:68:in `tagged'
  railties (4.2.0) lib/rails/rack/logger.rb:20:in `call'
  actionpack (4.2.0) lib/action_dispatch/middleware/request_id.rb:21:in `call'
  rack (1.6.0) lib/rack/methodoverride.rb:22:in `call'
  rack (1.6.0) lib/rack/runtime.rb:18:in `call'
  activesupport (4.2.0) lib/active_support/cache/strategy/local_cache_middleware.rb:28:in `call'
  rack (1.6.0) lib/rack/lock.rb:17:in `call'
  actionpack (4.2.0) lib/action_dispatch/middleware/static.rb:113:in `call'
  rack (1.6.0) lib/rack/sendfile.rb:113:in `call'
  railties (4.2.0) lib/rails/engine.rb:518:in `call'
  railties (4.2.0) lib/rails/application.rb:164:in `call'
  rack (1.6.0) lib/rack/lock.rb:17:in `call'
  rack (1.6.0) lib/rack/content_length.rb:15:in `call'
  rack (1.6.0) lib/rack/handler/webrick.rb:89:in `service'
  /Users/austin/.rvm/rubies/ruby-2.2.0/lib/ruby/2.2.0/webrick/httpserver.rb:138:in `service'
  /Users/austin/.rvm/rubies/ruby-2.2.0/lib/ruby/2.2.0/webrick/httpserver.rb:94:in `run'
  /Users/austin/.rvm/rubies/ruby-2.2.0/lib/ruby/2.2.0/webrick/server.rb:294:in `block in start_thread'


  Rendered /Users/austin/.rvm/gems/ruby-2.2.0/gems/web-console-2.0.0/lib/action_dispatch/templates/rescues/unknown_action.html.erb within rescues/layout (0.4ms)


Started GET "/articles/3/" for ::1 at 2015-01-26 12:30:02 -0600
Processing by ArticlesController#show as HTML
  Parameters: {"id"=>"3"}
  [1m[36mArticle Load (0.5ms)[0m  [1mSELECT  "articles".* FROM "articles" WHERE "articles"."id" = ? LIMIT 1[0m  [["id", 3]]
  [1m[35mUser Load (0.5ms)[0m  SELECT  "users".* FROM "users" WHERE "users"."id" = ?  ORDER BY "users"."id" ASC LIMIT 1  [["id", 1]]
  [1m[36mRole Load (0.4ms)[0m  [1mSELECT  "roles".* FROM "roles" WHERE "roles"."id" = ? LIMIT 1[0m  [["id", 2]]
  [1m[35mComment Load (0.8ms)[0m  SELECT "comments".* FROM "comments" WHERE "comments"."article_id" = ?  [["article_id", 3]]
  [1m[36mUser Load (0.2ms)[0m  [1mSELECT  "users".* FROM "users" WHERE "users"."id" = ? LIMIT 1[0m  [["id", 1]]
  Rendered comments/_comment.html.haml (6.1ms)
  [1m[35mCACHE (0.0ms)[0m  SELECT  "users".* FROM "users" WHERE "users"."id" = ? LIMIT 1  [["id", 1]]
  Rendered comments/_comment.html.haml (0.9ms)
  [1m[36mCACHE (0.0ms)[0m  [1mSELECT  "users".* FROM "users" WHERE "users"."id" = ? LIMIT 1[0m  [["id", 1]]
  Rendered comments/_comment.html.haml (0.7ms)
  [1m[35mCACHE (0.0ms)[0m  SELECT  "users".* FROM "users" WHERE "users"."id" = ? LIMIT 1  [["id", 1]]
  Rendered comments/_comment.html.haml (0.8ms)
  [1m[36mCACHE (0.0ms)[0m  [1mSELECT  "users".* FROM "users" WHERE "users"."id" = ? LIMIT 1[0m  [["id", 1]]
  Rendered comments/_comment.html.haml (0.8ms)
  [1m[35mCACHE (0.0ms)[0m  SELECT  "users".* FROM "users" WHERE "users"."id" = ? LIMIT 1  [["id", 1]]
  Rendered comments/_comment.html.haml (0.9ms)
  [1m[36mCACHE (0.0ms)[0m  [1mSELECT  "users".* FROM "users" WHERE "users"."id" = ? LIMIT 1[0m  [["id", 1]]
  Rendered comments/_comment.html.haml (0.8ms)
  [1m[35mCACHE (0.2ms)[0m  SELECT  "users".* FROM "users" WHERE "users"."id" = ? LIMIT 1  [["id", 1]]
  Rendered comments/_comment.html.haml (1.0ms)
  [1m[36mCACHE (0.0ms)[0m  [1mSELECT  "users".* FROM "users" WHERE "users"."id" = ? LIMIT 1[0m  [["id", 1]]
  Rendered comments/_comment.html.haml (1.5ms)
  [1m[35mCACHE (0.0ms)[0m  SELECT  "users".* FROM "users" WHERE "users"."id" = ? LIMIT 1  [["id", 1]]
  Rendered comments/_comment.html.haml (1.0ms)
  [1m[36mCACHE (0.0ms)[0m  [1mSELECT  "users".* FROM "users" WHERE "users"."id" = ? LIMIT 1[0m  [["id", 1]]
  Rendered comments/_comment.html.haml (1.5ms)
  [1m[35mCACHE (0.0ms)[0m  SELECT  "users".* FROM "users" WHERE "users"."id" = ? LIMIT 1  [["id", 1]]
  Rendered comments/_comment.html.haml (0.9ms)
  [1m[36mCACHE (0.0ms)[0m  [1mSELECT  "users".* FROM "users" WHERE "users"."id" = ? LIMIT 1[0m  [["id", 1]]
  Rendered comments/_comment.html.haml (0.8ms)
  [1m[35mCACHE (0.0ms)[0m  SELECT  "users".* FROM "users" WHERE "users"."id" = ? LIMIT 1  [["id", 1]]
  Rendered comments/_comment.html.haml (1.2ms)
  [1m[36mCACHE (0.0ms)[0m  [1mSELECT  "users".* FROM "users" WHERE "users"."id" = ? LIMIT 1[0m  [["id", 1]]
  Rendered comments/_comment.html.haml (0.8ms)
  Rendered comments/_form.html.haml (4.9ms)
  Rendered articles/show.html.haml within layouts/application (78.3ms)
Completed 200 OK in 263ms (Views: 198.9ms | ActiveRecord: 4.5ms)


Started GET "/assets/articles-069ddfa3263f33edf6b91a6b14eeb4ce.css?body=1" for ::1 at 2015-01-26 12:30:02 -0600


Started GET "/assets/application-4eb55ccdcff87304e90fd6c941cbbc24.css?body=1" for ::1 at 2015-01-26 12:30:02 -0600


Started GET "/assets/jquery_ujs-0b8f09cf5aec4ba1be1abd9f915c77e2.js?body=1" for ::1 at 2015-01-26 12:30:02 -0600


Started GET "/assets/turbolinks-924184401b7d116eadaaefc96895fa84.js?body=1" for ::1 at 2015-01-26 12:30:02 -0600


Started GET "/assets/bootstrap/affix-a9b852fe44dc5982a51ffb66baa3ab2e.js?body=1" for ::1 at 2015-01-26 12:30:02 -0600


Started GET "/assets/jquery-eb3e278249152b5b5d5170b73d9dbf52.js?body=1" for ::1 at 2015-01-26 12:30:02 -0600


Started GET "/assets/bootstrap/alert-12c1121c517b3085934c9173c0e083ed.js?body=1" for ::1 at 2015-01-26 12:30:02 -0600


Started GET "/assets/bootstrap/button-422bd197e0b53d2f7477cb521776aadb.js?body=1" for ::1 at 2015-01-26 12:30:02 -0600


Started GET "/assets/bootstrap/carousel-1aca75d21b33f868f2d7b289fb1ad98d.js?body=1" for ::1 at 2015-01-26 12:30:02 -0600


Started GET "/assets/bootstrap/collapse-20bda228e0a68013abcfe4ce3a88ac87.js?body=1" for ::1 at 2015-01-26 12:30:02 -0600


Started GET "/assets/bootstrap/dropdown-85b34e99a6b5bb1a35c8751aed3e09d7.js?body=1" for ::1 at 2015-01-26 12:30:02 -0600


Started GET "/assets/bootstrap/tab-bb31fbcdd9289a81d659f197fca0efd0.js?body=1" for ::1 at 2015-01-26 12:30:02 -0600


Started GET "/assets/bootstrap/transition-20c428b2eccf2dcfaf8de396b7ad7b26.js?body=1" for ::1 at 2015-01-26 12:30:02 -0600


Started GET "/assets/bootstrap/scrollspy-fca31083878040fe5fa93a655aed11ba.js?body=1" for ::1 at 2015-01-26 12:30:02 -0600


Started GET "/assets/bootstrap/modal-19058d2f94ebcfb1a44bbfb8a52b8661.js?body=1" for ::1 at 2015-01-26 12:30:02 -0600


Started GET "/assets/bootstrap/tooltip-fe9092020b9bc68210dc1de9c589d39c.js?body=1" for ::1 at 2015-01-26 12:30:02 -0600


Started GET "/assets/bootstrap/popover-7285d8d5ce28a05ba8b9fce5fcd87f74.js?body=1" for ::1 at 2015-01-26 12:30:02 -0600


Started GET "/assets/bootstrap-sprockets-b4bc28516a4674c29125b9de32ccd9d3.js?body=1" for ::1 at 2015-01-26 12:30:02 -0600


Started GET "/assets/application-25d8695f70eb2c3003e68d1d8e6b1d35.js?body=1" for ::1 at 2015-01-26 12:30:02 -0600


Started POST "/articles/3/comments" for ::1 at 2015-01-26 12:30:05 -0600
Processing by CommentsController#create as HTML
  Parameters: {"utf8"=>"✓", "authenticity_token"=>"SHvOiGT/nJavJ5mWEZ0PughTpXsRg91Boz+gqr3Yw63LTfe1Ex6JEh5WBVIdtgBb2sERAFbulJ6XiaD55e6otw==", "comment"=>{"body"=>"asdfghj"}, "commit"=>"Submit", "article_id"=>"3"}
  [1m[35mArticle Load (0.2ms)[0m  SELECT  "articles".* FROM "articles" WHERE "articles"."id" = ? LIMIT 1  [["id", 3]]
  [1m[36mUser Load (0.1ms)[0m  [1mSELECT  "users".* FROM "users" WHERE "users"."id" = ?  ORDER BY "users"."id" ASC LIMIT 1[0m  [["id", 1]]
  [1m[35mRole Load (0.1ms)[0m  SELECT  "roles".* FROM "roles" WHERE "roles"."id" = ? LIMIT 1  [["id", 2]]
  [1m[36m (0.1ms)[0m  [1mbegin transaction[0m
  [1m[35mArticle Load (0.1ms)[0m  SELECT  "articles".* FROM "articles" WHERE "articles"."id" = ? LIMIT 1  [["id", 3]]
  [1m[36mSQL (0.8ms)[0m  [1mINSERT INTO "comments" ("body", "article_id", "user_id", "created_at", "updated_at") VALUES (?, ?, ?, ?, ?)[0m  [["body", "asdfghj"], ["article_id", 3], ["user_id", 1], ["created_at", "2015-01-26 18:30:05.680006"], ["updated_at", "2015-01-26 18:30:05.680006"]]
  [1m[35mArticle Load (0.4ms)[0m  SELECT  "articles".* FROM "articles" WHERE (3) LIMIT 1
  [1m[36mUser Load (0.1ms)[0m  [1mSELECT  "users".* FROM "users" WHERE (1) LIMIT 1[0m
  [1m[35mSQL (0.9ms)[0m  INSERT INTO "notifications" ("article_id", "user_id", "read", "created_at", "updated_at") VALUES (?, ?, ?, ?, ?)  [["article_id", 3], ["user_id", 1], ["read", "f"], ["created_at", "2015-01-26 18:30:05.701474"], ["updated_at", "2015-01-26 18:30:05.701474"]]
DEPRECATION WARNING: You are passing an instance of ActiveRecord::Base to `find`. Please pass the id of the object by calling `.id`. (called from create_notification at /Users/austin/GitHub/ruby-try-three/app/models/comment.rb:30)
  [1m[36mArticle Load (0.1ms)[0m  [1mSELECT  "articles".* FROM "articles" WHERE "articles"."id" = ? LIMIT 1[0m  [["id", 3]]
  [1m[35m (1.1ms)[0m  rollback transaction
Completed 500 Internal Server Error in 63ms

NoMethodError (undefined method `user_id' for 1:Fixnum):
  app/models/comment.rb:31:in `create_notification'
  app/controllers/comments_controller.rb:9:in `create'


  Rendered /Users/austin/.rvm/gems/ruby-2.2.0/gems/web-console-2.0.0/lib/action_dispatch/templates/rescues/_source.erb (10.4ms)
  Rendered /Users/austin/.rvm/gems/ruby-2.2.0/gems/web-console-2.0.0/lib/action_dispatch/templates/rescues/_trace.html.erb (4.0ms)
  Rendered /Users/austin/.rvm/gems/ruby-2.2.0/gems/web-console-2.0.0/lib/action_dispatch/templates/rescues/_request_and_response.html.erb (1.2ms)
  Rendered /Users/austin/.rvm/gems/ruby-2.2.0/gems/web-console-2.0.0/lib/action_dispatch/templates/rescues/_web_console.html.erb (1.3ms)
  Rendered /Users/austin/.rvm/gems/ruby-2.2.0/gems/web-console-2.0.0/lib/action_dispatch/templates/rescues/diagnostics.html.erb within rescues/layout (88.3ms)


Started GET "/articles/3/" for ::1 at 2015-01-26 12:30:22 -0600
Processing by ArticlesController#show as HTML
  Parameters: {"id"=>"3"}
  [1m[36mArticle Load (0.2ms)[0m  [1mSELECT  "articles".* FROM "articles" WHERE "articles"."id" = ? LIMIT 1[0m  [["id", 3]]
  [1m[35mUser Load (0.2ms)[0m  SELECT  "users".* FROM "users" WHERE "users"."id" = ?  ORDER BY "users"."id" ASC LIMIT 1  [["id", 1]]
  [1m[36mRole Load (0.3ms)[0m  [1mSELECT  "roles".* FROM "roles" WHERE "roles"."id" = ? LIMIT 1[0m  [["id", 2]]
  [1m[35mComment Load (0.3ms)[0m  SELECT "comments".* FROM "comments" WHERE "comments"."article_id" = ?  [["article_id", 3]]
  [1m[36mUser Load (0.2ms)[0m  [1mSELECT  "users".* FROM "users" WHERE "users"."id" = ? LIMIT 1[0m  [["id", 1]]
  Rendered comments/_comment.html.haml (3.4ms)
  [1m[35mCACHE (0.0ms)[0m  SELECT  "users".* FROM "users" WHERE "users"."id" = ? LIMIT 1  [["id", 1]]
  Rendered comments/_comment.html.haml (0.8ms)
  [1m[36mCACHE (0.0ms)[0m  [1mSELECT  "users".* FROM "users" WHERE "users"."id" = ? LIMIT 1[0m  [["id", 1]]
  Rendered comments/_comment.html.haml (0.8ms)
  [1m[35mCACHE (0.0ms)[0m  SELECT  "users".* FROM "users" WHERE "users"."id" = ? LIMIT 1  [["id", 1]]
  Rendered comments/_comment.html.haml (0.8ms)
  [1m[36mCACHE (0.0ms)[0m  [1mSELECT  "users".* FROM "users" WHERE "users"."id" = ? LIMIT 1[0m  [["id", 1]]
  Rendered comments/_comment.html.haml (0.8ms)
  [1m[35mCACHE (0.0ms)[0m  SELECT  "users".* FROM "users" WHERE "users"."id" = ? LIMIT 1  [["id", 1]]
  Rendered comments/_comment.html.haml (0.9ms)
  [1m[36mCACHE (0.0ms)[0m  [1mSELECT  "users".* FROM "users" WHERE "users"."id" = ? LIMIT 1[0m  [["id", 1]]
  Rendered comments/_comment.html.haml (0.8ms)
  [1m[35mCACHE (0.0ms)[0m  SELECT  "users".* FROM "users" WHERE "users"."id" = ? LIMIT 1  [["id", 1]]
  Rendered comments/_comment.html.haml (1.2ms)
  [1m[36mCACHE (0.0ms)[0m  [1mSELECT  "users".* FROM "users" WHERE "users"."id" = ? LIMIT 1[0m  [["id", 1]]
  Rendered comments/_comment.html.haml (0.7ms)
  [1m[35mCACHE (0.0ms)[0m  SELECT  "users".* FROM "users" WHERE "users"."id" = ? LIMIT 1  [["id", 1]]
  Rendered comments/_comment.html.haml (0.7ms)
  [1m[36mCACHE (0.0ms)[0m  [1mSELECT  "users".* FROM "users" WHERE "users"."id" = ? LIMIT 1[0m  [["id", 1]]
  Rendered comments/_comment.html.haml (0.9ms)
  [1m[35mCACHE (0.0ms)[0m  SELECT  "users".* FROM "users" WHERE "users"."id" = ? LIMIT 1  [["id", 1]]
  Rendered comments/_comment.html.haml (0.8ms)
  [1m[36mCACHE (0.0ms)[0m  [1mSELECT  "users".* FROM "users" WHERE "users"."id" = ? LIMIT 1[0m  [["id", 1]]
  Rendered comments/_comment.html.haml (0.8ms)
  [1m[35mCACHE (0.0ms)[0m  SELECT  "users".* FROM "users" WHERE "users"."id" = ? LIMIT 1  [["id", 1]]
  Rendered comments/_comment.html.haml (0.7ms)
  [1m[36mCACHE (0.0ms)[0m  [1mSELECT  "users".* FROM "users" WHERE "users"."id" = ? LIMIT 1[0m  [["id", 1]]
  Rendered comments/_comment.html.haml (0.9ms)
  Rendered comments/_form.html.haml (1.4ms)
  Rendered articles/show.html.haml within layouts/application (63.5ms)
Completed 200 OK in 212ms (Views: 167.4ms | ActiveRecord: 2.9ms)


Started GET "/assets/articles-069ddfa3263f33edf6b91a6b14eeb4ce.css?body=1" for ::1 at 2015-01-26 12:30:23 -0600


Started GET "/assets/application-4eb55ccdcff87304e90fd6c941cbbc24.css?body=1" for ::1 at 2015-01-26 12:30:23 -0600


Started GET "/assets/jquery_ujs-0b8f09cf5aec4ba1be1abd9f915c77e2.js?body=1" for ::1 at 2015-01-26 12:30:23 -0600


Started GET "/assets/jquery-eb3e278249152b5b5d5170b73d9dbf52.js?body=1" for ::1 at 2015-01-26 12:30:23 -0600


Started GET "/assets/turbolinks-924184401b7d116eadaaefc96895fa84.js?body=1" for ::1 at 2015-01-26 12:30:23 -0600


Started GET "/assets/bootstrap/alert-12c1121c517b3085934c9173c0e083ed.js?body=1" for ::1 at 2015-01-26 12:30:23 -0600


Started GET "/assets/bootstrap/affix-a9b852fe44dc5982a51ffb66baa3ab2e.js?body=1" for ::1 at 2015-01-26 12:30:23 -0600


Started GET "/assets/bootstrap/button-422bd197e0b53d2f7477cb521776aadb.js?body=1" for ::1 at 2015-01-26 12:30:23 -0600


Started GET "/assets/bootstrap/carousel-1aca75d21b33f868f2d7b289fb1ad98d.js?body=1" for ::1 at 2015-01-26 12:30:23 -0600


Started GET "/assets/bootstrap/transition-20c428b2eccf2dcfaf8de396b7ad7b26.js?body=1" for ::1 at 2015-01-26 12:30:23 -0600


Started GET "/assets/bootstrap/modal-19058d2f94ebcfb1a44bbfb8a52b8661.js?body=1" for ::1 at 2015-01-26 12:30:23 -0600


Started GET "/assets/bootstrap/dropdown-85b34e99a6b5bb1a35c8751aed3e09d7.js?body=1" for ::1 at 2015-01-26 12:30:23 -0600


Started GET "/assets/bootstrap/scrollspy-fca31083878040fe5fa93a655aed11ba.js?body=1" for ::1 at 2015-01-26 12:30:23 -0600


Started GET "/assets/bootstrap/collapse-20bda228e0a68013abcfe4ce3a88ac87.js?body=1" for ::1 at 2015-01-26 12:30:23 -0600


Started GET "/assets/bootstrap/tab-bb31fbcdd9289a81d659f197fca0efd0.js?body=1" for ::1 at 2015-01-26 12:30:23 -0600


Started GET "/assets/bootstrap/tooltip-fe9092020b9bc68210dc1de9c589d39c.js?body=1" for ::1 at 2015-01-26 12:30:23 -0600


Started GET "/assets/bootstrap/popover-7285d8d5ce28a05ba8b9fce5fcd87f74.js?body=1" for ::1 at 2015-01-26 12:30:23 -0600


Started GET "/assets/bootstrap-sprockets-b4bc28516a4674c29125b9de32ccd9d3.js?body=1" for ::1 at 2015-01-26 12:30:23 -0600


Started GET "/assets/application-25d8695f70eb2c3003e68d1d8e6b1d35.js?body=1" for ::1 at 2015-01-26 12:30:23 -0600


Started POST "/articles/3/comments" for ::1 at 2015-01-26 12:30:26 -0600
Processing by CommentsController#create as HTML
  Parameters: {"utf8"=>"✓", "authenticity_token"=>"XpBPTSsQKZdMLAeqHq/Uvtn8NipB2pOKG8vbINU0BKPdpnZwXPE8E/1dm24ShNtfC26CUQa32lUvfdtzjQJvuQ==", "comment"=>{"body"=>"asdfgh"}, "commit"=>"Submit", "article_id"=>"3"}
  [1m[35mArticle Load (0.2ms)[0m  SELECT  "articles".* FROM "articles" WHERE "articles"."id" = ? LIMIT 1  [["id", 3]]
  [1m[36mUser Load (0.2ms)[0m  [1mSELECT  "users".* FROM "users" WHERE "users"."id" = ?  ORDER BY "users"."id" ASC LIMIT 1[0m  [["id", 1]]
  [1m[35mRole Load (0.1ms)[0m  SELECT  "roles".* FROM "roles" WHERE "roles"."id" = ? LIMIT 1  [["id", 2]]
  [1m[36m (0.1ms)[0m  [1mbegin transaction[0m
  [1m[35mArticle Load (0.2ms)[0m  SELECT  "articles".* FROM "articles" WHERE "articles"."id" = ? LIMIT 1  [["id", 3]]
  [1m[36mSQL (0.9ms)[0m  [1mINSERT INTO "comments" ("body", "article_id", "user_id", "created_at", "updated_at") VALUES (?, ?, ?, ?, ?)[0m  [["body", "asdfgh"], ["article_id", 3], ["user_id", 1], ["created_at", "2015-01-26 18:30:26.274344"], ["updated_at", "2015-01-26 18:30:26.274344"]]
  [1m[35mArticle Load (0.2ms)[0m  SELECT  "articles".* FROM "articles" WHERE (3) LIMIT 1
  [1m[36mUser Load (0.2ms)[0m  [1mSELECT  "users".* FROM "users" WHERE (1) LIMIT 1[0m
  [1m[35mSQL (0.4ms)[0m  INSERT INTO "notifications" ("article_id", "user_id", "read", "created_at", "updated_at") VALUES (?, ?, ?, ?, ?)  [["article_id", 3], ["user_id", 1], ["read", "f"], ["created_at", "2015-01-26 18:30:26.299943"], ["updated_at", "2015-01-26 18:30:26.299943"]]
DEPRECATION WARNING: You are passing an instance of ActiveRecord::Base to `find`. Please pass the id of the object by calling `.id`. (called from create_notification at /Users/austin/GitHub/ruby-try-three/app/models/comment.rb:30)
  [1m[36mArticle Load (0.1ms)[0m  [1mSELECT  "articles".* FROM "articles" WHERE "articles"."id" = ? LIMIT 1[0m  [["id", 3]]
  [1m[35m (2.0ms)[0m  rollback transaction
Completed 500 Internal Server Error in 54ms

NoMethodError (undefined method `id' for 1:Fixnum):
  app/models/comment.rb:31:in `create_notification'
  app/controllers/comments_controller.rb:9:in `create'


  Rendered /Users/austin/.rvm/gems/ruby-2.2.0/gems/web-console-2.0.0/lib/action_dispatch/templates/rescues/_source.erb (9.7ms)
  Rendered /Users/austin/.rvm/gems/ruby-2.2.0/gems/web-console-2.0.0/lib/action_dispatch/templates/rescues/_trace.html.erb (3.5ms)
  Rendered /Users/austin/.rvm/gems/ruby-2.2.0/gems/web-console-2.0.0/lib/action_dispatch/templates/rescues/_request_and_response.html.erb (1.2ms)
  Rendered /Users/austin/.rvm/gems/ruby-2.2.0/gems/web-console-2.0.0/lib/action_dispatch/templates/rescues/_web_console.html.erb (1.2ms)
  Rendered /Users/austin/.rvm/gems/ruby-2.2.0/gems/web-console-2.0.0/lib/action_dispatch/templates/rescues/diagnostics.html.erb within rescues/layout (87.1ms)


Started GET "/articles/3/" for ::1 at 2015-01-26 12:30:39 -0600
Processing by ArticlesController#show as HTML
  Parameters: {"id"=>"3"}
  [1m[36mArticle Load (0.3ms)[0m  [1mSELECT  "articles".* FROM "articles" WHERE "articles"."id" = ? LIMIT 1[0m  [["id", 3]]
  [1m[35mUser Load (0.4ms)[0m  SELECT  "users".* FROM "users" WHERE "users"."id" = ?  ORDER BY "users"."id" ASC LIMIT 1  [["id", 1]]
  [1m[36mRole Load (0.2ms)[0m  [1mSELECT  "roles".* FROM "roles" WHERE "roles"."id" = ? LIMIT 1[0m  [["id", 2]]
  [1m[35mComment Load (0.3ms)[0m  SELECT "comments".* FROM "comments" WHERE "comments"."article_id" = ?  [["article_id", 3]]
  [1m[36mUser Load (0.2ms)[0m  [1mSELECT  "users".* FROM "users" WHERE "users"."id" = ? LIMIT 1[0m  [["id", 1]]
  Rendered comments/_comment.html.haml (3.8ms)
  [1m[35mCACHE (0.0ms)[0m  SELECT  "users".* FROM "users" WHERE "users"."id" = ? LIMIT 1  [["id", 1]]
  Rendered comments/_comment.html.haml (1.6ms)
  [1m[36mCACHE (0.0ms)[0m  [1mSELECT  "users".* FROM "users" WHERE "users"."id" = ? LIMIT 1[0m  [["id", 1]]
  Rendered comments/_comment.html.haml (1.0ms)
  [1m[35mCACHE (0.0ms)[0m  SELECT  "users".* FROM "users" WHERE "users"."id" = ? LIMIT 1  [["id", 1]]
  Rendered comments/_comment.html.haml (0.9ms)
  [1m[36mCACHE (0.0ms)[0m  [1mSELECT  "users".* FROM "users" WHERE "users"."id" = ? LIMIT 1[0m  [["id", 1]]
  Rendered comments/_comment.html.haml (1.2ms)
  [1m[35mCACHE (0.0ms)[0m  SELECT  "users".* FROM "users" WHERE "users"."id" = ? LIMIT 1  [["id", 1]]
  Rendered comments/_comment.html.haml (1.0ms)
  [1m[36mCACHE (0.0ms)[0m  [1mSELECT  "users".* FROM "users" WHERE "users"."id" = ? LIMIT 1[0m  [["id", 1]]
  Rendered comments/_comment.html.haml (0.9ms)
  [1m[35mCACHE (0.0ms)[0m  SELECT  "users".* FROM "users" WHERE "users"."id" = ? LIMIT 1  [["id", 1]]
  Rendered comments/_comment.html.haml (1.9ms)
  [1m[36mCACHE (0.0ms)[0m  [1mSELECT  "users".* FROM "users" WHERE "users"."id" = ? LIMIT 1[0m  [["id", 1]]
  Rendered comments/_comment.html.haml (1.3ms)
  [1m[35mCACHE (0.0ms)[0m  SELECT  "users".* FROM "users" WHERE "users"."id" = ? LIMIT 1  [["id", 1]]
  Rendered comments/_comment.html.haml (1.0ms)
  [1m[36mCACHE (0.0ms)[0m  [1mSELECT  "users".* FROM "users" WHERE "users"."id" = ? LIMIT 1[0m  [["id", 1]]
  Rendered comments/_comment.html.haml (0.9ms)
  [1m[35mCACHE (0.0ms)[0m  SELECT  "users".* FROM "users" WHERE "users"."id" = ? LIMIT 1  [["id", 1]]
  Rendered comments/_comment.html.haml (0.8ms)
  [1m[36mCACHE (0.0ms)[0m  [1mSELECT  "users".* FROM "users" WHERE "users"."id" = ? LIMIT 1[0m  [["id", 1]]
  Rendered comments/_comment.html.haml (0.9ms)
  [1m[35mCACHE (0.0ms)[0m  SELECT  "users".* FROM "users" WHERE "users"."id" = ? LIMIT 1  [["id", 1]]
  Rendered comments/_comment.html.haml (1.0ms)
  [1m[36mCACHE (0.0ms)[0m  [1mSELECT  "users".* FROM "users" WHERE "users"."id" = ? LIMIT 1[0m  [["id", 1]]
  Rendered comments/_comment.html.haml (0.8ms)
  Rendered comments/_form.html.haml (1.3ms)
  Rendered articles/show.html.haml within layouts/application (70.8ms)
Completed 200 OK in 229ms (Views: 182.4ms | ActiveRecord: 2.9ms)


Started GET "/assets/articles-069ddfa3263f33edf6b91a6b14eeb4ce.css?body=1" for ::1 at 2015-01-26 12:30:40 -0600


Started GET "/assets/turbolinks-924184401b7d116eadaaefc96895fa84.js?body=1" for ::1 at 2015-01-26 12:30:40 -0600


Started GET "/assets/jquery_ujs-0b8f09cf5aec4ba1be1abd9f915c77e2.js?body=1" for ::1 at 2015-01-26 12:30:40 -0600


Started GET "/assets/bootstrap/affix-a9b852fe44dc5982a51ffb66baa3ab2e.js?body=1" for ::1 at 2015-01-26 12:30:40 -0600


Started GET "/assets/application-4eb55ccdcff87304e90fd6c941cbbc24.css?body=1" for ::1 at 2015-01-26 12:30:40 -0600


Started GET "/assets/jquery-eb3e278249152b5b5d5170b73d9dbf52.js?body=1" for ::1 at 2015-01-26 12:30:40 -0600


Started GET "/assets/bootstrap/alert-12c1121c517b3085934c9173c0e083ed.js?body=1" for ::1 at 2015-01-26 12:30:40 -0600


Started GET "/assets/bootstrap/button-422bd197e0b53d2f7477cb521776aadb.js?body=1" for ::1 at 2015-01-26 12:30:40 -0600


Started GET "/assets/bootstrap/carousel-1aca75d21b33f868f2d7b289fb1ad98d.js?body=1" for ::1 at 2015-01-26 12:30:40 -0600


Started GET "/assets/bootstrap/collapse-20bda228e0a68013abcfe4ce3a88ac87.js?body=1" for ::1 at 2015-01-26 12:30:40 -0600


Started GET "/assets/bootstrap/tab-bb31fbcdd9289a81d659f197fca0efd0.js?body=1" for ::1 at 2015-01-26 12:30:40 -0600


Started GET "/assets/bootstrap/dropdown-85b34e99a6b5bb1a35c8751aed3e09d7.js?body=1" for ::1 at 2015-01-26 12:30:40 -0600


Started GET "/assets/bootstrap/transition-20c428b2eccf2dcfaf8de396b7ad7b26.js?body=1" for ::1 at 2015-01-26 12:30:40 -0600


Started GET "/assets/bootstrap/scrollspy-fca31083878040fe5fa93a655aed11ba.js?body=1" for ::1 at 2015-01-26 12:30:40 -0600


Started GET "/assets/bootstrap/modal-19058d2f94ebcfb1a44bbfb8a52b8661.js?body=1" for ::1 at 2015-01-26 12:30:40 -0600


Started GET "/assets/bootstrap/tooltip-fe9092020b9bc68210dc1de9c589d39c.js?body=1" for ::1 at 2015-01-26 12:30:40 -0600


Started GET "/assets/bootstrap/popover-7285d8d5ce28a05ba8b9fce5fcd87f74.js?body=1" for ::1 at 2015-01-26 12:30:40 -0600


Started GET "/assets/bootstrap-sprockets-b4bc28516a4674c29125b9de32ccd9d3.js?body=1" for ::1 at 2015-01-26 12:30:40 -0600


Started GET "/assets/application-25d8695f70eb2c3003e68d1d8e6b1d35.js?body=1" for ::1 at 2015-01-26 12:30:40 -0600


Started POST "/articles/3/comments" for ::1 at 2015-01-26 12:30:43 -0600
Processing by CommentsController#create as HTML
  Parameters: {"utf8"=>"✓", "authenticity_token"=>"pTmbYJo2ZjfVscW6Mcx86wA1KhP0/v7MlM0MPR/vkhQmD6Jd7ddzs2TAWX4953MK0qeeaLOTtxOgewxuR9n5Dg==", "comment"=>{"body"=>"sadfghj"}, "commit"=>"Submit", "article_id"=>"3"}
  [1m[35mArticle Load (0.2ms)[0m  SELECT  "articles".* FROM "articles" WHERE "articles"."id" = ? LIMIT 1  [["id", 3]]
  [1m[36mUser Load (0.2ms)[0m  [1mSELECT  "users".* FROM "users" WHERE "users"."id" = ?  ORDER BY "users"."id" ASC LIMIT 1[0m  [["id", 1]]
  [1m[35mRole Load (0.1ms)[0m  SELECT  "roles".* FROM "roles" WHERE "roles"."id" = ? LIMIT 1  [["id", 2]]
  [1m[36m (0.1ms)[0m  [1mbegin transaction[0m
  [1m[35mArticle Load (0.3ms)[0m  SELECT  "articles".* FROM "articles" WHERE "articles"."id" = ? LIMIT 1  [["id", 3]]
  [1m[36mSQL (0.5ms)[0m  [1mINSERT INTO "comments" ("body", "article_id", "user_id", "created_at", "updated_at") VALUES (?, ?, ?, ?, ?)[0m  [["body", "sadfghj"], ["article_id", 3], ["user_id", 1], ["created_at", "2015-01-26 18:30:43.163424"], ["updated_at", "2015-01-26 18:30:43.163424"]]
  [1m[35mArticle Load (0.2ms)[0m  SELECT  "articles".* FROM "articles" WHERE (3) LIMIT 1
  [1m[36mUser Load (0.2ms)[0m  [1mSELECT  "users".* FROM "users" WHERE (1) LIMIT 1[0m
  [1m[35mSQL (0.4ms)[0m  INSERT INTO "notifications" ("article_id", "user_id", "read", "created_at", "updated_at") VALUES (?, ?, ?, ?, ?)  [["article_id", 3], ["user_id", 1], ["read", "f"], ["created_at", "2015-01-26 18:30:43.179562"], ["updated_at", "2015-01-26 18:30:43.179562"]]
DEPRECATION WARNING: You are passing an instance of ActiveRecord::Base to `find`. Please pass the id of the object by calling `.id`. (called from create_notification at /Users/austin/GitHub/ruby-try-three/app/models/comment.rb:30)
  [1m[36mArticle Load (0.2ms)[0m  [1mSELECT  "articles".* FROM "articles" WHERE "articles"."id" = ? LIMIT 1[0m  [["id", 3]]
  [1m[35m (2.4ms)[0m  rollback transaction
Completed 500 Internal Server Error in 54ms

NoMethodError (undefined method `user_id' for 1:Fixnum):
  app/models/comment.rb:31:in `create_notification'
  app/controllers/comments_controller.rb:9:in `create'


  Rendered /Users/austin/.rvm/gems/ruby-2.2.0/gems/web-console-2.0.0/lib/action_dispatch/templates/rescues/_source.erb (8.9ms)
  Rendered /Users/austin/.rvm/gems/ruby-2.2.0/gems/web-console-2.0.0/lib/action_dispatch/templates/rescues/_trace.html.erb (3.6ms)
  Rendered /Users/austin/.rvm/gems/ruby-2.2.0/gems/web-console-2.0.0/lib/action_dispatch/templates/rescues/_request_and_response.html.erb (1.1ms)
  Rendered /Users/austin/.rvm/gems/ruby-2.2.0/gems/web-console-2.0.0/lib/action_dispatch/templates/rescues/_web_console.html.erb (1.3ms)
  Rendered /Users/austin/.rvm/gems/ruby-2.2.0/gems/web-console-2.0.0/lib/action_dispatch/templates/rescues/diagnostics.html.erb within rescues/layout (93.0ms)


Started GET "/articles/3/" for ::1 at 2015-01-26 12:31:32 -0600
Processing by ArticlesController#show as HTML
  Parameters: {"id"=>"3"}
  [1m[36mArticle Load (0.1ms)[0m  [1mSELECT  "articles".* FROM "articles" WHERE "articles"."id" = ? LIMIT 1[0m  [["id", 3]]
  [1m[35mUser Load (0.3ms)[0m  SELECT  "users".* FROM "users" WHERE "users"."id" = ?  ORDER BY "users"."id" ASC LIMIT 1  [["id", 1]]
  [1m[36mRole Load (0.2ms)[0m  [1mSELECT  "roles".* FROM "roles" WHERE "roles"."id" = ? LIMIT 1[0m  [["id", 2]]
  [1m[35mComment Load (0.3ms)[0m  SELECT "comments".* FROM "comments" WHERE "comments"."article_id" = ?  [["article_id", 3]]
  [1m[36mUser Load (0.2ms)[0m  [1mSELECT  "users".* FROM "users" WHERE "users"."id" = ? LIMIT 1[0m  [["id", 1]]
  Rendered comments/_comment.html.haml (3.8ms)
  [1m[35mCACHE (0.0ms)[0m  SELECT  "users".* FROM "users" WHERE "users"."id" = ? LIMIT 1  [["id", 1]]
  Rendered comments/_comment.html.haml (1.5ms)
  [1m[36mCACHE (0.0ms)[0m  [1mSELECT  "users".* FROM "users" WHERE "users"."id" = ? LIMIT 1[0m  [["id", 1]]
  Rendered comments/_comment.html.haml (0.9ms)
  [1m[35mCACHE (0.0ms)[0m  SELECT  "users".* FROM "users" WHERE "users"."id" = ? LIMIT 1  [["id", 1]]
  Rendered comments/_comment.html.haml (0.8ms)
  [1m[36mCACHE (0.0ms)[0m  [1mSELECT  "users".* FROM "users" WHERE "users"."id" = ? LIMIT 1[0m  [["id", 1]]
  Rendered comments/_comment.html.haml (1.2ms)
  [1m[35mCACHE (0.0ms)[0m  SELECT  "users".* FROM "users" WHERE "users"."id" = ? LIMIT 1  [["id", 1]]
  Rendered comments/_comment.html.haml (0.8ms)
  [1m[36mCACHE (0.0ms)[0m  [1mSELECT  "users".* FROM "users" WHERE "users"."id" = ? LIMIT 1[0m  [["id", 1]]
  Rendered comments/_comment.html.haml (0.8ms)
  [1m[35mCACHE (0.0ms)[0m  SELECT  "users".* FROM "users" WHERE "users"."id" = ? LIMIT 1  [["id", 1]]
  Rendered comments/_comment.html.haml (1.5ms)
  [1m[36mCACHE (0.0ms)[0m  [1mSELECT  "users".* FROM "users" WHERE "users"."id" = ? LIMIT 1[0m  [["id", 1]]
  Rendered comments/_comment.html.haml (0.9ms)
  [1m[35mCACHE (0.0ms)[0m  SELECT  "users".* FROM "users" WHERE "users"."id" = ? LIMIT 1  [["id", 1]]
  Rendered comments/_comment.html.haml (1.2ms)
  [1m[36mCACHE (0.0ms)[0m  [1mSELECT  "users".* FROM "users" WHERE "users"."id" = ? LIMIT 1[0m  [["id", 1]]
  Rendered comments/_comment.html.haml (0.9ms)
  [1m[35mCACHE (0.0ms)[0m  SELECT  "users".* FROM "users" WHERE "users"."id" = ? LIMIT 1  [["id", 1]]
  Rendered comments/_comment.html.haml (0.8ms)
  [1m[36mCACHE (0.0ms)[0m  [1mSELECT  "users".* FROM "users" WHERE "users"."id" = ? LIMIT 1[0m  [["id", 1]]
  Rendered comments/_comment.html.haml (1.0ms)
  [1m[35mCACHE (0.0ms)[0m  SELECT  "users".* FROM "users" WHERE "users"."id" = ? LIMIT 1  [["id", 1]]
  Rendered comments/_comment.html.haml (1.0ms)
  [1m[36mCACHE (0.0ms)[0m  [1mSELECT  "users".* FROM "users" WHERE "users"."id" = ? LIMIT 1[0m  [["id", 1]]
  Rendered comments/_comment.html.haml (2.3ms)
  Rendered comments/_form.html.haml (1.4ms)
  Rendered articles/show.html.haml within layouts/application (73.0ms)
Completed 200 OK in 237ms (Views: 193.5ms | ActiveRecord: 2.5ms)


Started GET "/assets/application-4eb55ccdcff87304e90fd6c941cbbc24.css?body=1" for ::1 at 2015-01-26 12:31:32 -0600


Started GET "/assets/articles-069ddfa3263f33edf6b91a6b14eeb4ce.css?body=1" for ::1 at 2015-01-26 12:31:32 -0600


Started GET "/assets/turbolinks-924184401b7d116eadaaefc96895fa84.js?body=1" for ::1 at 2015-01-26 12:31:32 -0600


Started GET "/assets/bootstrap/affix-a9b852fe44dc5982a51ffb66baa3ab2e.js?body=1" for ::1 at 2015-01-26 12:31:32 -0600


Started GET "/assets/jquery_ujs-0b8f09cf5aec4ba1be1abd9f915c77e2.js?body=1" for ::1 at 2015-01-26 12:31:32 -0600


Started GET "/assets/bootstrap/carousel-1aca75d21b33f868f2d7b289fb1ad98d.js?body=1" for ::1 at 2015-01-26 12:31:32 -0600


Started GET "/assets/jquery-eb3e278249152b5b5d5170b73d9dbf52.js?body=1" for ::1 at 2015-01-26 12:31:32 -0600


Started GET "/assets/bootstrap/button-422bd197e0b53d2f7477cb521776aadb.js?body=1" for ::1 at 2015-01-26 12:31:32 -0600


Started GET "/assets/bootstrap/alert-12c1121c517b3085934c9173c0e083ed.js?body=1" for ::1 at 2015-01-26 12:31:32 -0600


Started GET "/assets/bootstrap/collapse-20bda228e0a68013abcfe4ce3a88ac87.js?body=1" for ::1 at 2015-01-26 12:31:32 -0600


Started GET "/assets/bootstrap/dropdown-85b34e99a6b5bb1a35c8751aed3e09d7.js?body=1" for ::1 at 2015-01-26 12:31:32 -0600


Started GET "/assets/bootstrap/transition-20c428b2eccf2dcfaf8de396b7ad7b26.js?body=1" for ::1 at 2015-01-26 12:31:32 -0600


Started GET "/assets/bootstrap/tab-bb31fbcdd9289a81d659f197fca0efd0.js?body=1" for ::1 at 2015-01-26 12:31:32 -0600


Started GET "/assets/bootstrap/scrollspy-fca31083878040fe5fa93a655aed11ba.js?body=1" for ::1 at 2015-01-26 12:31:32 -0600


Started GET "/assets/bootstrap/modal-19058d2f94ebcfb1a44bbfb8a52b8661.js?body=1" for ::1 at 2015-01-26 12:31:32 -0600


Started GET "/assets/bootstrap/tooltip-fe9092020b9bc68210dc1de9c589d39c.js?body=1" for ::1 at 2015-01-26 12:31:32 -0600


Started GET "/assets/bootstrap/popover-7285d8d5ce28a05ba8b9fce5fcd87f74.js?body=1" for ::1 at 2015-01-26 12:31:32 -0600


Started GET "/assets/bootstrap-sprockets-b4bc28516a4674c29125b9de32ccd9d3.js?body=1" for ::1 at 2015-01-26 12:31:32 -0600


Started GET "/assets/application-25d8695f70eb2c3003e68d1d8e6b1d35.js?body=1" for ::1 at 2015-01-26 12:31:32 -0600


Started POST "/articles/3/comments" for ::1 at 2015-01-26 12:31:35 -0600
Processing by CommentsController#create as HTML
  Parameters: {"utf8"=>"✓", "authenticity_token"=>"t8sI0ogaOqf0DIlH5Ff1V04YpXPeLzUtOX2bHFZxj7E0/THv//svI0V9FYPofPq2nIoRCJlCfPINy5tPDkfkqw==", "comment"=>{"body"=>"lkjhgfdsa"}, "commit"=>"Submit", "article_id"=>"3"}
  [1m[35mArticle Load (0.1ms)[0m  SELECT  "articles".* FROM "articles" WHERE "articles"."id" = ? LIMIT 1  [["id", 3]]
  [1m[36mUser Load (0.2ms)[0m  [1mSELECT  "users".* FROM "users" WHERE "users"."id" = ?  ORDER BY "users"."id" ASC LIMIT 1[0m  [["id", 1]]
  [1m[35mRole Load (0.1ms)[0m  SELECT  "roles".* FROM "roles" WHERE "roles"."id" = ? LIMIT 1  [["id", 2]]
  [1m[36m (0.1ms)[0m  [1mbegin transaction[0m
  [1m[35mArticle Load (0.1ms)[0m  SELECT  "articles".* FROM "articles" WHERE "articles"."id" = ? LIMIT 1  [["id", 3]]
  [1m[36mSQL (0.4ms)[0m  [1mINSERT INTO "comments" ("body", "article_id", "user_id", "created_at", "updated_at") VALUES (?, ?, ?, ?, ?)[0m  [["body", "lkjhgfdsa"], ["article_id", 3], ["user_id", 1], ["created_at", "2015-01-26 18:31:35.903684"], ["updated_at", "2015-01-26 18:31:35.903684"]]
  [1m[35mArticle Load (0.1ms)[0m  SELECT  "articles".* FROM "articles" WHERE (3) LIMIT 1
  [1m[36mUser Load (0.2ms)[0m  [1mSELECT  "users".* FROM "users" WHERE (1) LIMIT 1[0m
  [1m[35mSQL (0.3ms)[0m  INSERT INTO "notifications" ("article_id", "user_id", "read", "created_at", "updated_at") VALUES (?, ?, ?, ?, ?)  [["article_id", 3], ["user_id", 1], ["read", "f"], ["created_at", "2015-01-26 18:31:35.920095"], ["updated_at", "2015-01-26 18:31:35.920095"]]
DEPRECATION WARNING: You are passing an instance of ActiveRecord::Base to `find`. Please pass the id of the object by calling `.id`. (called from create_notification at /Users/austin/GitHub/ruby-try-three/app/models/comment.rb:30)
  [1m[36mArticle Load (0.1ms)[0m  [1mSELECT  "articles".* FROM "articles" WHERE "articles"."id" = ? LIMIT 1[0m  [["id", 3]]
  [1m[35m (2.3ms)[0m  rollback transaction
Completed 500 Internal Server Error in 46ms

NoMethodError (undefined method `user_id' for 1:Fixnum):
  app/models/comment.rb:31:in `create_notification'
  app/controllers/comments_controller.rb:9:in `create'


  Rendered /Users/austin/.rvm/gems/ruby-2.2.0/gems/web-console-2.0.0/lib/action_dispatch/templates/rescues/_source.erb (9.7ms)
  Rendered /Users/austin/.rvm/gems/ruby-2.2.0/gems/web-console-2.0.0/lib/action_dispatch/templates/rescues/_trace.html.erb (3.9ms)
  Rendered /Users/austin/.rvm/gems/ruby-2.2.0/gems/web-console-2.0.0/lib/action_dispatch/templates/rescues/_request_and_response.html.erb (1.1ms)
  Rendered /Users/austin/.rvm/gems/ruby-2.2.0/gems/web-console-2.0.0/lib/action_dispatch/templates/rescues/_web_console.html.erb (1.1ms)
  Rendered /Users/austin/.rvm/gems/ruby-2.2.0/gems/web-console-2.0.0/lib/action_dispatch/templates/rescues/diagnostics.html.erb within rescues/layout (91.4ms)


Started GET "/articles/3/" for ::1 at 2015-01-26 12:33:34 -0600
Processing by ArticlesController#show as HTML
  Parameters: {"id"=>"3"}
  [1m[36mArticle Load (0.1ms)[0m  [1mSELECT  "articles".* FROM "articles" WHERE "articles"."id" = ? LIMIT 1[0m  [["id", 3]]
  [1m[35mUser Load (0.2ms)[0m  SELECT  "users".* FROM "users" WHERE "users"."id" = ?  ORDER BY "users"."id" ASC LIMIT 1  [["id", 1]]
  [1m[36mRole Load (0.2ms)[0m  [1mSELECT  "roles".* FROM "roles" WHERE "roles"."id" = ? LIMIT 1[0m  [["id", 2]]
  [1m[35mComment Load (0.2ms)[0m  SELECT "comments".* FROM "comments" WHERE "comments"."article_id" = ?  [["article_id", 3]]
  [1m[36mUser Load (0.2ms)[0m  [1mSELECT  "users".* FROM "users" WHERE "users"."id" = ? LIMIT 1[0m  [["id", 1]]
  Rendered comments/_comment.html.haml (3.4ms)
  [1m[35mCACHE (0.0ms)[0m  SELECT  "users".* FROM "users" WHERE "users"."id" = ? LIMIT 1  [["id", 1]]
  Rendered comments/_comment.html.haml (0.8ms)
  [1m[36mCACHE (0.0ms)[0m  [1mSELECT  "users".* FROM "users" WHERE "users"."id" = ? LIMIT 1[0m  [["id", 1]]
  Rendered comments/_comment.html.haml (1.2ms)
  [1m[35mCACHE (0.0ms)[0m  SELECT  "users".* FROM "users" WHERE "users"."id" = ? LIMIT 1  [["id", 1]]
  Rendered comments/_comment.html.haml (0.8ms)
  [1m[36mCACHE (0.0ms)[0m  [1mSELECT  "users".* FROM "users" WHERE "users"."id" = ? LIMIT 1[0m  [["id", 1]]
  Rendered comments/_comment.html.haml (0.7ms)
  [1m[35mCACHE (0.0ms)[0m  SELECT  "users".* FROM "users" WHERE "users"."id" = ? LIMIT 1  [["id", 1]]
  Rendered comments/_comment.html.haml (0.7ms)
  [1m[36mCACHE (0.0ms)[0m  [1mSELECT  "users".* FROM "users" WHERE "users"."id" = ? LIMIT 1[0m  [["id", 1]]
  Rendered comments/_comment.html.haml (0.7ms)
  [1m[35mCACHE (0.0ms)[0m  SELECT  "users".* FROM "users" WHERE "users"."id" = ? LIMIT 1  [["id", 1]]
  Rendered comments/_comment.html.haml (0.7ms)
  [1m[36mCACHE (0.0ms)[0m  [1mSELECT  "users".* FROM "users" WHERE "users"."id" = ? LIMIT 1[0m  [["id", 1]]
  Rendered comments/_comment.html.haml (1.0ms)
  [1m[35mCACHE (0.0ms)[0m  SELECT  "users".* FROM "users" WHERE "users"."id" = ? LIMIT 1  [["id", 1]]
  Rendered comments/_comment.html.haml (1.1ms)
  [1m[36mCACHE (0.0ms)[0m  [1mSELECT  "users".* FROM "users" WHERE "users"."id" = ? LIMIT 1[0m  [["id", 1]]
  Rendered comments/_comment.html.haml (0.8ms)
  [1m[35mCACHE (0.0ms)[0m  SELECT  "users".* FROM "users" WHERE "users"."id" = ? LIMIT 1  [["id", 1]]
  Rendered comments/_comment.html.haml (1.0ms)
  [1m[36mCACHE (0.0ms)[0m  [1mSELECT  "users".* FROM "users" WHERE "users"."id" = ? LIMIT 1[0m  [["id", 1]]
  Rendered comments/_comment.html.haml (0.8ms)
  [1m[35mCACHE (0.0ms)[0m  SELECT  "users".* FROM "users" WHERE "users"."id" = ? LIMIT 1  [["id", 1]]
  Rendered comments/_comment.html.haml (0.7ms)
  [1m[36mCACHE (0.0ms)[0m  [1mSELECT  "users".* FROM "users" WHERE "users"."id" = ? LIMIT 1[0m  [["id", 1]]
  Rendered comments/_comment.html.haml (0.8ms)
  Rendered comments/_form.html.haml (1.3ms)
  Rendered articles/show.html.haml within layouts/application (64.5ms)
Completed 200 OK in 223ms (Views: 175.9ms | ActiveRecord: 2.2ms)


Started GET "/assets/application-4eb55ccdcff87304e90fd6c941cbbc24.css?body=1" for ::1 at 2015-01-26 12:33:35 -0600


Started GET "/assets/jquery-eb3e278249152b5b5d5170b73d9dbf52.js?body=1" for ::1 at 2015-01-26 12:33:35 -0600


Started GET "/assets/bootstrap/affix-a9b852fe44dc5982a51ffb66baa3ab2e.js?body=1" for ::1 at 2015-01-26 12:33:35 -0600


Started GET "/assets/bootstrap/alert-12c1121c517b3085934c9173c0e083ed.js?body=1" for ::1 at 2015-01-26 12:33:35 -0600


Started GET "/assets/turbolinks-924184401b7d116eadaaefc96895fa84.js?body=1" for ::1 at 2015-01-26 12:33:35 -0600


Started GET "/assets/jquery_ujs-0b8f09cf5aec4ba1be1abd9f915c77e2.js?body=1" for ::1 at 2015-01-26 12:33:35 -0600


Started GET "/assets/articles-069ddfa3263f33edf6b91a6b14eeb4ce.css?body=1" for ::1 at 2015-01-26 12:33:35 -0600


Started GET "/assets/bootstrap/button-422bd197e0b53d2f7477cb521776aadb.js?body=1" for ::1 at 2015-01-26 12:33:35 -0600


Started GET "/assets/bootstrap/collapse-20bda228e0a68013abcfe4ce3a88ac87.js?body=1" for ::1 at 2015-01-26 12:33:35 -0600


Started GET "/assets/bootstrap/dropdown-85b34e99a6b5bb1a35c8751aed3e09d7.js?body=1" for ::1 at 2015-01-26 12:33:35 -0600


Started GET "/assets/bootstrap/carousel-1aca75d21b33f868f2d7b289fb1ad98d.js?body=1" for ::1 at 2015-01-26 12:33:35 -0600


Started GET "/assets/bootstrap/tab-bb31fbcdd9289a81d659f197fca0efd0.js?body=1" for ::1 at 2015-01-26 12:33:35 -0600


Started GET "/assets/bootstrap/transition-20c428b2eccf2dcfaf8de396b7ad7b26.js?body=1" for ::1 at 2015-01-26 12:33:35 -0600


Started GET "/assets/bootstrap/scrollspy-fca31083878040fe5fa93a655aed11ba.js?body=1" for ::1 at 2015-01-26 12:33:35 -0600


Started GET "/assets/bootstrap/modal-19058d2f94ebcfb1a44bbfb8a52b8661.js?body=1" for ::1 at 2015-01-26 12:33:35 -0600


Started GET "/assets/bootstrap/tooltip-fe9092020b9bc68210dc1de9c589d39c.js?body=1" for ::1 at 2015-01-26 12:33:35 -0600


Started GET "/assets/bootstrap/popover-7285d8d5ce28a05ba8b9fce5fcd87f74.js?body=1" for ::1 at 2015-01-26 12:33:35 -0600


Started GET "/assets/bootstrap-sprockets-b4bc28516a4674c29125b9de32ccd9d3.js?body=1" for ::1 at 2015-01-26 12:33:35 -0600


Started GET "/assets/application-25d8695f70eb2c3003e68d1d8e6b1d35.js?body=1" for ::1 at 2015-01-26 12:33:35 -0600


Started POST "/articles/3/comments" for ::1 at 2015-01-26 12:33:39 -0600
Processing by CommentsController#create as HTML
  Parameters: {"utf8"=>"✓", "authenticity_token"=>"OYprm2B3RsQJFWMNdl9raB+emmmOFeUPCi8fo05YYhG6vFKmF5ZTQLhk/8l6dGSJzQwuEsl4rNA+mR/wFm4JCw==", "comment"=>{"body"=>"bgtdfgsdfg"}, "commit"=>"Submit", "article_id"=>"3"}
  [1m[35mArticle Load (0.2ms)[0m  SELECT  "articles".* FROM "articles" WHERE "articles"."id" = ? LIMIT 1  [["id", 3]]
  [1m[36mUser Load (0.1ms)[0m  [1mSELECT  "users".* FROM "users" WHERE "users"."id" = ?  ORDER BY "users"."id" ASC LIMIT 1[0m  [["id", 1]]
  [1m[35mRole Load (0.1ms)[0m  SELECT  "roles".* FROM "roles" WHERE "roles"."id" = ? LIMIT 1  [["id", 2]]
  [1m[36m (0.1ms)[0m  [1mbegin transaction[0m
  [1m[35mArticle Load (0.1ms)[0m  SELECT  "articles".* FROM "articles" WHERE "articles"."id" = ? LIMIT 1  [["id", 3]]
  [1m[36mSQL (0.5ms)[0m  [1mINSERT INTO "comments" ("body", "article_id", "user_id", "created_at", "updated_at") VALUES (?, ?, ?, ?, ?)[0m  [["body", "bgtdfgsdfg"], ["article_id", 3], ["user_id", 1], ["created_at", "2015-01-26 18:33:39.930194"], ["updated_at", "2015-01-26 18:33:39.930194"]]
  [1m[35mArticle Load (0.2ms)[0m  SELECT  "articles".* FROM "articles" WHERE (3) LIMIT 1
  [1m[36mUser Load (0.3ms)[0m  [1mSELECT  "users".* FROM "users" WHERE (1) LIMIT 1[0m
  [1m[35mSQL (0.4ms)[0m  INSERT INTO "notifications" ("article_id", "user_id", "read", "created_at", "updated_at") VALUES (?, ?, ?, ?, ?)  [["article_id", 3], ["user_id", 1], ["read", "f"], ["created_at", "2015-01-26 18:33:39.947590"], ["updated_at", "2015-01-26 18:33:39.947590"]]
  [1m[36mUser Load (0.2ms)[0m  [1mSELECT  "users".* FROM "users" WHERE "users"."id" = ? LIMIT 1[0m  [["id", 1]]
DEPRECATION WARNING: `#deliver` is deprecated and will be removed in Rails 5. Use `#deliver_now` to deliver immediately or `#deliver_later` to deliver through Active Job. (called from create_notification at /Users/austin/GitHub/ruby-try-three/app/models/comment.rb:31)
  Rendered user_mailer/comment_create.html.haml within layouts/comment_create (3.3ms)

UserMailer#comment_create: processed outbound mail in 198.9ms

Sent mail to batman9847@comcast.net (814.0ms)
Date: Mon, 26 Jan 2015 12:33:40 -0600
From: austin@wantable.com
To: batman9847@comcast.net
Message-ID: <54c688842caf0_103e23ff9769dc128820eb@austins-mba.mail>
Subject: Comment create
Mime-Version: 1.0
Content-Type: text/html;
 charset=UTF-8
Content-Transfer-Encoding: 7bit

<!DOCTYPE html>
<html>
  <head>
    <meta content='text/html; charset=UTF-8' http-equiv='Content-Type'>
  </head>
  <body>
    <h1>
      Hey, batman9847@comcast.net!
    </h1>
    <p>
      Someone seems to have commented on your article! Come check it out.
      <br>
    </p>
  </body>
</html>

  [1m[35m (3.3ms)[0m  commit transaction
Redirected to http://localhost:3000/articles/3
Completed 302 Found in 1088ms (ActiveRecord: 5.8ms)


Started GET "/articles/3" for ::1 at 2015-01-26 12:33:41 -0600
Processing by ArticlesController#show as HTML
  Parameters: {"id"=>"3"}
  [1m[36mArticle Load (0.2ms)[0m  [1mSELECT  "articles".* FROM "articles" WHERE "articles"."id" = ? LIMIT 1[0m  [["id", 3]]
  [1m[35mUser Load (0.1ms)[0m  SELECT  "users".* FROM "users" WHERE "users"."id" = ?  ORDER BY "users"."id" ASC LIMIT 1  [["id", 1]]
  [1m[36mRole Load (0.1ms)[0m  [1mSELECT  "roles".* FROM "roles" WHERE "roles"."id" = ? LIMIT 1[0m  [["id", 2]]
  [1m[35mComment Load (0.2ms)[0m  SELECT "comments".* FROM "comments" WHERE "comments"."article_id" = ?  [["article_id", 3]]
  [1m[36mUser Load (0.1ms)[0m  [1mSELECT  "users".* FROM "users" WHERE "users"."id" = ? LIMIT 1[0m  [["id", 1]]
  Rendered comments/_comment.html.haml (1.6ms)
  [1m[35mCACHE (0.0ms)[0m  SELECT  "users".* FROM "users" WHERE "users"."id" = ? LIMIT 1  [["id", 1]]
  Rendered comments/_comment.html.haml (0.9ms)
  [1m[36mCACHE (0.0ms)[0m  [1mSELECT  "users".* FROM "users" WHERE "users"."id" = ? LIMIT 1[0m  [["id", 1]]
  Rendered comments/_comment.html.haml (2.2ms)
  [1m[35mCACHE (0.0ms)[0m  SELECT  "users".* FROM "users" WHERE "users"."id" = ? LIMIT 1  [["id", 1]]
  Rendered comments/_comment.html.haml (1.0ms)
  [1m[36mCACHE (0.0ms)[0m  [1mSELECT  "users".* FROM "users" WHERE "users"."id" = ? LIMIT 1[0m  [["id", 1]]
  Rendered comments/_comment.html.haml (1.4ms)
  [1m[35mCACHE (0.0ms)[0m  SELECT  "users".* FROM "users" WHERE "users"."id" = ? LIMIT 1  [["id", 1]]
  Rendered comments/_comment.html.haml (1.2ms)
  [1m[36mCACHE (0.0ms)[0m  [1mSELECT  "users".* FROM "users" WHERE "users"."id" = ? LIMIT 1[0m  [["id", 1]]
  Rendered comments/_comment.html.haml (0.9ms)
  [1m[35mCACHE (0.0ms)[0m  SELECT  "users".* FROM "users" WHERE "users"."id" = ? LIMIT 1  [["id", 1]]
  Rendered comments/_comment.html.haml (0.8ms)
  [1m[36mCACHE (0.0ms)[0m  [1mSELECT  "users".* FROM "users" WHERE "users"."id" = ? LIMIT 1[0m  [["id", 1]]
  Rendered comments/_comment.html.haml (0.9ms)
  [1m[35mCACHE (0.0ms)[0m  SELECT  "users".* FROM "users" WHERE "users"."id" = ? LIMIT 1  [["id", 1]]
  Rendered comments/_comment.html.haml (0.9ms)
  [1m[36mCACHE (0.0ms)[0m  [1mSELECT  "users".* FROM "users" WHERE "users"."id" = ? LIMIT 1[0m  [["id", 1]]
  Rendered comments/_comment.html.haml (1.4ms)
  [1m[35mCACHE (0.0ms)[0m  SELECT  "users".* FROM "users" WHERE "users"."id" = ? LIMIT 1  [["id", 1]]
  Rendered comments/_comment.html.haml (0.9ms)
  [1m[36mCACHE (0.0ms)[0m  [1mSELECT  "users".* FROM "users" WHERE "users"."id" = ? LIMIT 1[0m  [["id", 1]]
  Rendered comments/_comment.html.haml (1.0ms)
  [1m[35mCACHE (0.0ms)[0m  SELECT  "users".* FROM "users" WHERE "users"."id" = ? LIMIT 1  [["id", 1]]
  Rendered comments/_comment.html.haml (0.8ms)
  [1m[36mCACHE (0.0ms)[0m  [1mSELECT  "users".* FROM "users" WHERE "users"."id" = ? LIMIT 1[0m  [["id", 1]]
  Rendered comments/_comment.html.haml (1.0ms)
  [1m[35mCACHE (0.0ms)[0m  SELECT  "users".* FROM "users" WHERE "users"."id" = ? LIMIT 1  [["id", 1]]
  Rendered comments/_comment.html.haml (0.9ms)
  Rendered comments/_form.html.haml (1.2ms)
  Rendered articles/show.html.haml within layouts/application (73.5ms)
Completed 200 OK in 216ms (Views: 206.6ms | ActiveRecord: 0.9ms)


Started GET "/assets/articles-069ddfa3263f33edf6b91a6b14eeb4ce.css?body=1" for ::1 at 2015-01-26 12:33:41 -0600


Started GET "/assets/jquery_ujs-0b8f09cf5aec4ba1be1abd9f915c77e2.js?body=1" for ::1 at 2015-01-26 12:33:41 -0600


Started GET "/assets/jquery-eb3e278249152b5b5d5170b73d9dbf52.js?body=1" for ::1 at 2015-01-26 12:33:41 -0600


Started GET "/assets/application-4eb55ccdcff87304e90fd6c941cbbc24.css?body=1" for ::1 at 2015-01-26 12:33:41 -0600


Started GET "/assets/turbolinks-924184401b7d116eadaaefc96895fa84.js?body=1" for ::1 at 2015-01-26 12:33:41 -0600


Started GET "/assets/bootstrap/collapse-20bda228e0a68013abcfe4ce3a88ac87.js?body=1" for ::1 at 2015-01-26 12:33:41 -0600


Started GET "/assets/bootstrap/affix-a9b852fe44dc5982a51ffb66baa3ab2e.js?body=1" for ::1 at 2015-01-26 12:33:41 -0600


Started GET "/assets/bootstrap/dropdown-85b34e99a6b5bb1a35c8751aed3e09d7.js?body=1" for ::1 at 2015-01-26 12:33:41 -0600


Started GET "/assets/bootstrap/alert-12c1121c517b3085934c9173c0e083ed.js?body=1" for ::1 at 2015-01-26 12:33:41 -0600


Started GET "/assets/bootstrap/transition-20c428b2eccf2dcfaf8de396b7ad7b26.js?body=1" for ::1 at 2015-01-26 12:33:41 -0600


Started GET "/assets/bootstrap/tab-bb31fbcdd9289a81d659f197fca0efd0.js?body=1" for ::1 at 2015-01-26 12:33:41 -0600


Started GET "/assets/bootstrap/button-422bd197e0b53d2f7477cb521776aadb.js?body=1" for ::1 at 2015-01-26 12:33:41 -0600


Started GET "/assets/bootstrap/carousel-1aca75d21b33f868f2d7b289fb1ad98d.js?body=1" for ::1 at 2015-01-26 12:33:41 -0600


Started GET "/assets/bootstrap/scrollspy-fca31083878040fe5fa93a655aed11ba.js?body=1" for ::1 at 2015-01-26 12:33:41 -0600


Started GET "/assets/bootstrap/modal-19058d2f94ebcfb1a44bbfb8a52b8661.js?body=1" for ::1 at 2015-01-26 12:33:41 -0600


Started GET "/assets/bootstrap/tooltip-fe9092020b9bc68210dc1de9c589d39c.js?body=1" for ::1 at 2015-01-26 12:33:41 -0600


Started GET "/assets/bootstrap/popover-7285d8d5ce28a05ba8b9fce5fcd87f74.js?body=1" for ::1 at 2015-01-26 12:33:41 -0600


Started GET "/assets/bootstrap-sprockets-b4bc28516a4674c29125b9de32ccd9d3.js?body=1" for ::1 at 2015-01-26 12:33:41 -0600


Started GET "/assets/application-25d8695f70eb2c3003e68d1d8e6b1d35.js?body=1" for ::1 at 2015-01-26 12:33:41 -0600
